# JRE version: Java(TM) SE Runtime Environment (8.0_171-b11) (build 1.8.0_171-b11)
# Java VM: Java HotSpot(TM) 64-Bit Server VM (25.171-b11 mixed mode windows-amd64 compressed oops)
Heap:
 PSYoungGen      total 141824K, used 100790K [0x000000076b400000, 0x0000000774900000, 0x00000007c0000000)
  eden space 131072K, 76% used [0x000000076b400000,0x000000077166dba8,0x0000000773400000)
  from space 10752K, 0% used [0x0000000773e80000,0x0000000773e80000,0x0000000774900000)
  to   space 10752K, 0% used [0x0000000773400000,0x0000000773400000,0x0000000773e80000)
 ParOldGen       total 111104K, used 9854K [0x00000006c1c00000, 0x00000006c8880000, 0x000000076b400000)
  object space 111104K, 8% used [0x00000006c1c00000,0x00000006c259f818,0x00000006c8880000)
 Metaspace       used 28240K, capacity 29470K, committed 29696K, reserved 1075200K
  class space    used 3798K, capacity 4051K, committed 4096K, reserved 1048576K
GC Heap History (6 events):
Event: 0.547 GC heap before
{Heap before GC invocations=1 (full 0):
 PSYoungGen      total 76288K, used 65536K [0x000000076b400000, 0x0000000770900000, 0x00000007c0000000)
  eden space 65536K, 100% used [0x000000076b400000,0x000000076f400000,0x000000076f400000)
  from space 10752K, 0% used [0x000000076fe80000,0x000000076fe80000,0x0000000770900000)
  to   space 10752K, 0% used [0x000000076f400000,0x000000076f400000,0x000000076fe80000)
 ParOldGen       total 175104K, used 0K [0x00000006c1c00000, 0x00000006cc700000, 0x000000076b400000)
  object space 175104K, 0% used [0x00000006c1c00000,0x00000006c1c00000,0x00000006cc700000)
 Metaspace       used 14746K, capacity 15164K, committed 15360K, reserved 1062912K
  class space    used 1911K, capacity 2018K, committed 2048K, reserved 1048576K
Event: 0.555 GC heap after
Heap after GC invocations=1 (full 0):
 PSYoungGen      total 76288K, used 7646K [0x000000076b400000, 0x0000000774900000, 0x00000007c0000000)
  eden space 65536K, 0% used [0x000000076b400000,0x000000076b400000,0x000000076f400000)
  from space 10752K, 71% used [0x000000076f400000,0x000000076fb77a18,0x000000076fe80000)
  to   space 10752K, 0% used [0x0000000773e80000,0x0000000773e80000,0x0000000774900000)
 ParOldGen       total 175104K, used 16K [0x00000006c1c00000, 0x00000006cc700000, 0x000000076b400000)
  object space 175104K, 0% used [0x00000006c1c00000,0x00000006c1c04000,0x00000006cc700000)
 Metaspace       used 14746K, capacity 15164K, committed 15360K, reserved 1062912K
  class space    used 1911K, capacity 2018K, committed 2048K, reserved 1048576K
}
Event: 0.717 GC heap before
{Heap before GC invocations=2 (full 0):
 PSYoungGen      total 76288K, used 62799K [0x000000076b400000, 0x0000000774900000, 0x00000007c0000000)
  eden space 65536K, 84% used [0x000000076b400000,0x000000076e9dc410,0x000000076f400000)
  from space 10752K, 71% used [0x000000076f400000,0x000000076fb77a18,0x000000076fe80000)
  to   space 10752K, 0% used [0x0000000773e80000,0x0000000773e80000,0x0000000774900000)
 ParOldGen       total 175104K, used 16K [0x00000006c1c00000, 0x00000006cc700000, 0x000000076b400000)
  object space 175104K, 0% used [0x00000006c1c00000,0x00000006c1c04000,0x00000006cc700000)
 Metaspace       used 20507K, capacity 21110K, committed 21248K, reserved 1067008K
  class space    used 2749K, capacity 2949K, committed 3072K, reserved 1048576K
Event: 0.727 GC heap after
Heap after GC invocations=2 (full 0):
 PSYoungGen      total 141824K, used 10320K [0x000000076b400000, 0x0000000774900000, 0x00000007c0000000)
  eden space 131072K, 0% used [0x000000076b400000,0x000000076b400000,0x0000000773400000)
  from space 10752K, 95% used [0x0000000773e80000,0x0000000774894088,0x0000000774900000)
  to   space 10752K, 0% used [0x0000000773400000,0x0000000773400000,0x0000000773e80000)
 ParOldGen       total 175104K, used 24K [0x00000006c1c00000, 0x00000006cc700000, 0x000000076b400000)
  object space 175104K, 0% used [0x00000006c1c00000,0x00000006c1c06000,0x00000006cc700000)
 Metaspace       used 20507K, capacity 21110K, committed 21248K, reserved 1067008K
  class space    used 2749K, capacity 2949K, committed 3072K, reserved 1048576K
}
Event: 0.727 GC heap before
{Heap before GC invocations=3 (full 1):
 PSYoungGen      total 141824K, used 10320K [0x000000076b400000, 0x0000000774900000, 0x00000007c0000000)
  eden space 131072K, 0% used [0x000000076b400000,0x000000076b400000,0x0000000773400000)
  from space 10752K, 95% used [0x0000000773e80000,0x0000000774894088,0x0000000774900000)
  to   space 10752K, 0% used [0x0000000773400000,0x0000000773400000,0x0000000773e80000)
 ParOldGen       total 175104K, used 24K [0x00000006c1c00000, 0x00000006cc700000, 0x000000076b400000)
  object space 175104K, 0% used [0x00000006c1c00000,0x00000006c1c06000,0x00000006cc700000)
 Metaspace       used 20507K, capacity 21110K, committed 21248K, reserved 1067008K
  class space    used 2749K, capacity 2949K, committed 3072K, reserved 1048576K
Event: 0.758 GC heap after
Heap after GC invocations=3 (full 1):
 PSYoungGen      total 141824K, used 0K [0x000000076b400000, 0x0000000774900000, 0x00000007c0000000)
  eden space 131072K, 0% used [0x000000076b400000,0x000000076b400000,0x0000000773400000)
  from space 10752K, 0% used [0x0000000773e80000,0x0000000773e80000,0x0000000774900000)
  to   space 10752K, 0% used [0x0000000773400000,0x0000000773400000,0x0000000773e80000)
 ParOldGen       total 111104K, used 9854K [0x00000006c1c00000, 0x00000006c8880000, 0x000000076b400000)
  object space 111104K, 8% used [0x00000006c1c00000,0x00000006c259f818,0x00000006c8880000)
 Metaspace       used 20505K, capacity 21104K, committed 21248K, reserved 1067008K
  class space    used 2748K, capacity 2948K, committed 3072K, reserved 1048576K
}

