# JRE version: Java(TM) SE Runtime Environment (8.0_171-b11) (build 1.8.0_171-b11)
# Java VM: Java HotSpot(TM) 64-Bit Server VM (25.171-b11 mixed mode windows-amd64 compressed oops)
Heap:
 PSYoungGen      total 126976K, used 38435K [0x000000076b400000, 0x0000000774580000, 0x00000007c0000000)
  eden space 119808K, 26% used [0x000000076b400000,0x000000076d2c07e0,0x0000000772900000)
  from space 7168K, 96% used [0x0000000773e80000,0x00000007745484b0,0x0000000774580000)
  to   space 10752K, 0% used [0x0000000773080000,0x0000000773080000,0x0000000773b00000)
 ParOldGen       total 79872K, used 5137K [0x00000006c1c00000, 0x00000006c6a00000, 0x000000076b400000)
  object space 79872K, 6% used [0x00000006c1c00000,0x00000006c2104680,0x00000006c6a00000)
 Metaspace       used 28218K, capacity 29470K, committed 29696K, reserved 1075200K
  class space    used 3804K, capacity 4051K, committed 4096K, reserved 1048576K
GC Heap History (10 events):
Event: 0.591 GC heap before
{Heap before GC invocations=1 (full 0):
 PSYoungGen      total 76288K, used 65536K [0x000000076b400000, 0x0000000770900000, 0x00000007c0000000)
  eden space 65536K, 100% used [0x000000076b400000,0x000000076f400000,0x000000076f400000)
  from space 10752K, 0% used [0x000000076fe80000,0x000000076fe80000,0x0000000770900000)
  to   space 10752K, 0% used [0x000000076f400000,0x000000076f400000,0x000000076fe80000)
 ParOldGen       total 175104K, used 0K [0x00000006c1c00000, 0x00000006cc700000, 0x000000076b400000)
  object space 175104K, 0% used [0x00000006c1c00000,0x00000006c1c00000,0x00000006cc700000)
 Metaspace       used 14671K, capacity 15094K, committed 15360K, reserved 1062912K
  class space    used 1899K, capacity 2017K, committed 2048K, reserved 1048576K
Event: 0.597 GC heap after
Heap after GC invocations=1 (full 0):
 PSYoungGen      total 76288K, used 7610K [0x000000076b400000, 0x0000000770900000, 0x00000007c0000000)
  eden space 65536K, 0% used [0x000000076b400000,0x000000076b400000,0x000000076f400000)
  from space 10752K, 70% used [0x000000076f400000,0x000000076fb6eaa8,0x000000076fe80000)
  to   space 10752K, 0% used [0x000000076fe80000,0x000000076fe80000,0x0000000770900000)
 ParOldGen       total 175104K, used 16K [0x00000006c1c00000, 0x00000006cc700000, 0x000000076b400000)
  object space 175104K, 0% used [0x00000006c1c00000,0x00000006c1c04000,0x00000006cc700000)
 Metaspace       used 14671K, capacity 15094K, committed 15360K, reserved 1062912K
  class space    used 1899K, capacity 2017K, committed 2048K, reserved 1048576K
}
Event: 0.758 GC heap before
{Heap before GC invocations=2 (full 0):
 PSYoungGen      total 76288K, used 63107K [0x000000076b400000, 0x0000000770900000, 0x00000007c0000000)
  eden space 65536K, 84% used [0x000000076b400000,0x000000076ea324a8,0x000000076f400000)
  from space 10752K, 70% used [0x000000076f400000,0x000000076fb6eaa8,0x000000076fe80000)
  to   space 10752K, 0% used [0x000000076fe80000,0x000000076fe80000,0x0000000770900000)
 ParOldGen       total 175104K, used 16K [0x00000006c1c00000, 0x00000006cc700000, 0x000000076b400000)
  object space 175104K, 0% used [0x00000006c1c00000,0x00000006c1c04000,0x00000006cc700000)
 Metaspace       used 20521K, capacity 21174K, committed 21424K, reserved 1067008K
  class space    used 2758K, capacity 2949K, committed 3072K, reserved 1048576K
Event: 0.764 GC heap after
Heap after GC invocations=2 (full 0):
 PSYoungGen      total 76288K, used 10473K [0x000000076b400000, 0x0000000774900000, 0x00000007c0000000)
  eden space 65536K, 0% used [0x000000076b400000,0x000000076b400000,0x000000076f400000)
  from space 10752K, 97% used [0x000000076fe80000,0x00000007708ba790,0x0000000770900000)
  to   space 10752K, 0% used [0x000000076f400000,0x000000076f400000,0x000000076fe80000)
 ParOldGen       total 175104K, used 24K [0x00000006c1c00000, 0x00000006cc700000, 0x000000076b400000)
  object space 175104K, 0% used [0x00000006c1c00000,0x00000006c1c06000,0x00000006cc700000)
 Metaspace       used 20521K, capacity 21174K, committed 21424K, reserved 1067008K
  class space    used 2758K, capacity 2949K, committed 3072K, reserved 1048576K
}
Event: 0.769 GC heap before
{Heap before GC invocations=3 (full 0):
 PSYoungGen      total 76288K, used 12125K [0x000000076b400000, 0x0000000774900000, 0x00000007c0000000)
  eden space 65536K, 2% used [0x000000076b400000,0x000000076b59ce38,0x000000076f400000)
  from space 10752K, 97% used [0x000000076fe80000,0x00000007708ba790,0x0000000770900000)
  to   space 10752K, 0% used [0x000000076f400000,0x000000076f400000,0x000000076fe80000)
 ParOldGen       total 175104K, used 24K [0x00000006c1c00000, 0x00000006cc700000, 0x000000076b400000)
  object space 175104K, 0% used [0x00000006c1c00000,0x00000006c1c06000,0x00000006cc700000)
 Metaspace       used 20836K, capacity 21462K, committed 21628K, reserved 1069056K
  class space    used 2793K, capacity 2981K, committed 3072K, reserved 1048576K
Event: 0.773 GC heap after
Heap after GC invocations=3 (full 0):
 PSYoungGen      total 76288K, used 5205K [0x000000076b400000, 0x0000000774900000, 0x00000007c0000000)
  eden space 65536K, 0% used [0x000000076b400000,0x000000076b400000,0x000000076f400000)
  from space 10752K, 48% used [0x000000076f400000,0x000000076f9156c0,0x000000076fe80000)
  to   space 10752K, 0% used [0x0000000773e80000,0x0000000773e80000,0x0000000774900000)
 ParOldGen       total 175104K, used 32K [0x00000006c1c00000, 0x00000006cc700000, 0x000000076b400000)
  object space 175104K, 0% used [0x00000006c1c00000,0x00000006c1c08000,0x00000006cc700000)
 Metaspace       used 20836K, capacity 21462K, committed 21628K, reserved 1069056K
  class space    used 2793K, capacity 2981K, committed 3072K, reserved 1048576K
}
Event: 0.773 GC heap before
{Heap before GC invocations=4 (full 1):
 PSYoungGen      total 76288K, used 5205K [0x000000076b400000, 0x0000000774900000, 0x00000007c0000000)
  eden space 65536K, 0% used [0x000000076b400000,0x000000076b400000,0x000000076f400000)
  from space 10752K, 48% used [0x000000076f400000,0x000000076f9156c0,0x000000076fe80000)
  to   space 10752K, 0% used [0x0000000773e80000,0x0000000773e80000,0x0000000774900000)
 ParOldGen       total 175104K, used 32K [0x00000006c1c00000, 0x00000006cc700000, 0x000000076b400000)
  object space 175104K, 0% used [0x00000006c1c00000,0x00000006c1c08000,0x00000006cc700000)
 Metaspace       used 20836K, capacity 21462K, committed 21628K, reserved 1069056K
  class space    used 2793K, capacity 2981K, committed 3072K, reserved 1048576K
Event: 0.792 GC heap after
Heap after GC invocations=4 (full 1):
 PSYoungGen      total 76288K, used 0K [0x000000076b400000, 0x0000000774900000, 0x00000007c0000000)
  eden space 65536K, 0% used [0x000000076b400000,0x000000076b400000,0x000000076f400000)
  from space 10752K, 0% used [0x000000076f400000,0x000000076f400000,0x000000076fe80000)
  to   space 10752K, 0% used [0x0000000773e80000,0x0000000773e80000,0x0000000774900000)
 ParOldGen       total 79872K, used 5065K [0x00000006c1c00000, 0x00000006c6a00000, 0x000000076b400000)
  object space 79872K, 6% used [0x00000006c1c00000,0x00000006c20f2670,0x00000006c6a00000)
 Metaspace       used 20834K, capacity 21456K, committed 21628K, reserved 1069056K
  class space    used 2792K, capacity 2980K, committed 3072K, reserved 1048576K
}
Event: 1.103 GC heap before
{Heap before GC invocations=5 (full 1):
 PSYoungGen      total 76288K, used 65536K [0x000000076b400000, 0x0000000774900000, 0x00000007c0000000)
  eden space 65536K, 100% used [0x000000076b400000,0x000000076f400000,0x000000076f400000)
  from space 10752K, 0% used [0x000000076f400000,0x000000076f400000,0x000000076fe80000)
  to   space 10752K, 0% used [0x0000000773e80000,0x0000000773e80000,0x0000000774900000)
 ParOldGen       total 79872K, used 5065K [0x00000006c1c00000, 0x00000006c6a00000, 0x000000076b400000)
  object space 79872K, 6% used [0x00000006c1c00000,0x00000006c20f2670,0x00000006c6a00000)
 Metaspace       used 25124K, capacity 25980K, committed 26240K, reserved 1071104K
  class space    used 3371K, capacity 3590K, committed 3712K, reserved 1048576K
Event: 1.108 GC heap after
Heap after GC invocations=5 (full 1):
 PSYoungGen      total 126976K, used 6945K [0x000000076b400000, 0x0000000774580000, 0x00000007c0000000)
  eden space 119808K, 0% used [0x000000076b400000,0x000000076b400000,0x0000000772900000)
  from space 7168K, 96% used [0x0000000773e80000,0x00000007745484b0,0x0000000774580000)
  to   space 10752K, 0% used [0x0000000773080000,0x0000000773080000,0x0000000773b00000)
 ParOldGen       total 79872K, used 5137K [0x00000006c1c00000, 0x00000006c6a00000, 0x000000076b400000)
  object space 79872K, 6% used [0x00000006c1c00000,0x00000006c2104680,0x00000006c6a00000)
 Metaspace       used 25124K, capacity 25980K, committed 26240K, reserved 1071104K
  class space    used 3371K, capacity 3590K, committed 3712K, reserved 1048576K
}

